<?xml version="1.0" encoding="UTF-8"?>
<!-- Generated by org.testng.reporters.JUnitReportReporter -->
<testsuite hostname="thiago-i7-note" name="com.thiagoh.cci.c1.MapWithEntryTest" tests="2" failures="0" timestamp="14 Mar 2015 16:42:37 GMT" time="1.218" errors="0">
  <testcase name="testGet" time="0.583" classname="com.thiagoh.cci.c1.MapWithEntryTest"/>
  <testcase name="testPut" time="0.635" classname="com.thiagoh.cci.c1.MapWithEntryTest"/>
</testsuite> <!-- com.thiagoh.cci.c1.MapWithEntryTest -->
