<?xml version="1.0" encoding="UTF-8"?>
<!-- Generated by org.testng.reporters.JUnitReportReporter -->
<testsuite hostname="thiago-i7-note" name="com.thiagoh.cci.c1.Q1_1Test" tests="1" failures="0" timestamp="14 Mar 2015 17:01:01 GMT" time="0.015" errors="0">
  <testcase name="testUnique" time="0.015" classname="com.thiagoh.cci.c1.Q1_1Test"/>
</testsuite> <!-- com.thiagoh.cci.c1.Q1_1Test -->
