<?xml version="1.0" encoding="UTF-8"?>
<!-- Generated by org.testng.reporters.JUnitReportReporter -->
<testsuite hostname="thiago-i7-note" name="com.thiagoh.cci.c1.MapTest" tests="2" failures="0" timestamp="14 Mar 2015 16:42:37 GMT" time="1.477" errors="0">
  <testcase name="testPut" time="0.901" classname="com.thiagoh.cci.c1.MapTest"/>
  <testcase name="testGet" time="0.576" classname="com.thiagoh.cci.c1.MapTest"/>
</testsuite> <!-- com.thiagoh.cci.c1.MapTest -->
